<?xml version="1.0" encoding="UTF-8"?>
<!-- Generated by org.testng.reporters.JUnitReportReporter -->
<testsuite skipped="0" hostname="LAPTOP-OCH8DF6O" name="com.qa.testscript.TC_Amazon_001" tests="3" failures="0" timestamp="2021-12-07T22:54:23 IST" time="66.112" errors="0">
  <testcase name="AmazonSearch" time="16.527" classname="com.qa.testscript.TC_Amazon_001"/>
  <system-out/>
  <testcase name="AmazonSearch" time="39.022" classname="com.qa.testscript.TC_Amazon_001"/>
  <system-out/>
  <testcase name="AmazonSearch" time="10.563" classname="com.qa.testscript.TC_Amazon_001"/>
  <system-out/>
</testsuite> <!-- com.qa.testscript.TC_Amazon_001 -->
