<?xml version="1.0" encoding="UTF-8"?>
<!-- Generated by org.testng.reporters.JUnitReportReporter -->
<testsuite skipped="0" hostname="LAPTOP-OCH8DF6O" name="com.qa.testscript.Flipkart_Travel_005" tests="1" failures="0" timestamp="2021-12-21T13:39:08 IST" time="44.463" errors="0">
  <testcase name="Travel" time="44.463" classname="com.qa.testscript.Flipkart_Travel_005"/>
  <system-out/>
</testsuite> <!-- com.qa.testscript.Flipkart_Travel_005 -->
