<?xml version="1.0" encoding="UTF-8"?>
<!-- Generated by org.testng.reporters.JUnitReportReporter -->
<testsuite skipped="0" hostname="LAPTOP-OCH8DF6O" name="com.qa.testscript.Contactcustomerexpert" tests="2" failures="0" timestamp="2021-12-07T14:59:55 IST" time="54.640" errors="0">
  <testcase name="customerexpert" time="30.111" classname="com.qa.testscript.Contactcustomerexpert"/>
  <system-out/>
  <testcase name="customerexpert" time="24.529" classname="com.qa.testscript.Contactcustomerexpert"/>
  <system-out/>
</testsuite> <!-- com.qa.testscript.Contactcustomerexpert -->
